<?xml version="1.0" encoding="utf-8"?><testsuites><testsuite name="pytest" errors="0" failures="0" skipped="0" tests="9" time="3.659" timestamp="2020-10-08T18:04:43.049442" hostname="Tejpratap"><testcase classname="src.backend.backend.users.tests.test_user_authentication.UserAuthTest" name="test_deactivate_user" time="1.521" /><testcase classname="src.backend.backend.users.tests.test_user_authentication.UserAuthTest" name="test_reactivate_user" time="0.315" /><testcase classname="src.backend.backend.users.tests.test_user_authentication.UserAuthTest" name="test_unauthorized_token_request" time="0.025" /><testcase classname="src.backend.backend.users.tests.test_user_authentication.UserAuthTest" name="test_user_auth" time="0.223" /><testcase classname="src.backend.backend.users.tests.test_views" name="test_should_create_user" time="0.018" /><testcase classname="src.backend.backend.users.tests.test_views" name="test_should_create_admin_user" time="0.026" /><testcase classname="src.backend.backend.users.tests.test_views" name="test_should_superuser_user" time="0.011" /><testcase classname="src.backend.backend.users.tests.test_views" name="test_should_seller_user" time="0.005" /><testcase classname="src.backend.backend.users.tests.test_views" name="test_should_create_customer_user" time="0.014" /></testsuite></testsuites>
